
synpwrap -msg -prj "atividade_proj_impl1_synplify.tcl" -log "atividade_proj_impl1.srf"
Copyright (C) 1992-2024 Lattice Semiconductor Corporation. All rights reserved.
Lattice Diamond Version 3.14.0.75.2
    <postMsg mid="2011000" type="Info"    dynamic="0" navigation="0"  />

==contents of atividade_proj_impl1.srf
#Build: Synplify Pro (R) V-2023.09L-2, Build 349R, Sep 17 2024
#install: C:\lscc\diamond\3.14\synpbase
#OS: Windows 10 or later
#Hostname: CAUASL

# Sat Oct 11 18:25:40 2025

#Implementation: impl1


Copyright (C) 1994-2023 Synopsys, Inc.
This Synopsys software and all associated documentation are proprietary to Synopsys, Inc.
and may only be used pursuant to the terms and conditions of a written license agreement
with Synopsys, Inc. All other use, reproduction, modification, or distribution of the
Synopsys software or the associated documentation is strictly prohibited.
Tool: Synplify Pro (R)
Build: V-2023.09L-2
Install: C:\lscc\diamond\3.14\synpbase
OS: Windows 10 or later
Hostname: CAUASL

Implementation : impl1
Synopsys HDL Compiler, Version comp202309synp1, Build 349R, Built Sep 17 2024 08:16:26, @

@N|Running in 64-bit mode
###########################################################[

Copyright (C) 1994-2023 Synopsys, Inc.
This Synopsys software and all associated documentation are proprietary to Synopsys, Inc.
and may only be used pursuant to the terms and conditions of a written license agreement
with Synopsys, Inc. All other use, reproduction, modification, or distribution of the
Synopsys software or the associated documentation is strictly prohibited.
Tool: Synplify Pro (R)
Build: V-2023.09L-2
Install: C:\lscc\diamond\3.14\synpbase
OS: Windows 10 or later
Hostname: CAUASL

Implementation : impl1
Synopsys Verilog Compiler, Version comp202309synp1, Build 349R, Built Sep 17 2024 08:16:26, @

@N|Running in 64-bit mode
@I::"C:\lscc\diamond\3.14\synpbase\lib\lucent\ecp5u.v" (library work)
@I::"C:\lscc\diamond\3.14\synpbase\lib\lucent\pmi_def.v" (library work)
@I::"C:\lscc\diamond\3.14\synpbase\lib\vlog\hypermods.v" (library __hyper__lib__)
@I::"C:\Users\CauaS\programacao\EmbarTech\residencia_04_2025\modulo_II\Atividades_feitas\ativ_unid_7_cap2\FPGA-CODIG\Arquivos\top.sv" (library work)
Verilog syntax check successful!
Selecting top level module top
@N: CG364 :"C:\Users\CauaS\programacao\EmbarTech\residencia_04_2025\modulo_II\Atividades_feitas\ativ_unid_7_cap2\FPGA-CODIG\Arquivos\top.sv":20:7:20:9|Synthesizing module top in library work.
Running optimization stage 1 on top .......
Finished optimization stage 1 on top (CPU Time 0h:00m:00s, Memory Used current: 95MB peak: 96MB)
Running optimization stage 2 on top .......
@N: CL201 :"C:\Users\CauaS\programacao\EmbarTech\residencia_04_2025\modulo_II\Atividades_feitas\ativ_unid_7_cap2\FPGA-CODIG\Arquivos\top.sv":166:2:166:7|Trying to extract state machine for register st.
Extracted state machine for register st
State machine has 3 reachable states with original encodings of:
   00
   01
   10
Finished optimization stage 2 on top (CPU Time 0h:00m:00s, Memory Used current: 95MB peak: 96MB)

For a summary of runtime per design unit, please see file:
==========================================================
@L: C:\Users\CauaS\programacao\EmbarTech\residencia_04_2025\modulo_II\Atividades_feitas\ativ_unid_7_cap2\FPGA-CODIG\Projeto\impl1\synwork\layer0.duruntime



At c_ver Exit (Real Time elapsed 0h:00m:00s; CPU Time elapsed 0h:00m:00s; Memory used current: 95MB peak: 96MB)

Process took 0h:00m:01s realtime, 0h:00m:01s cputime

Process completed successfully.
# Sat Oct 11 18:25:40 2025

###########################################################]
###########################################################[

Copyright (C) 1994-2023 Synopsys, Inc.
This Synopsys software and all associated documentation are proprietary to Synopsys, Inc.
and may only be used pursuant to the terms and conditions of a written license agreement
with Synopsys, Inc. All other use, reproduction, modification, or distribution of the
Synopsys software or the associated documentation is strictly prohibited.
Tool: Synplify Pro (R)
Build: V-2023.09L-2
Install: C:\lscc\diamond\3.14\synpbase
OS: Windows 10 or later
Hostname: CAUASL

Implementation : impl1
Synopsys Synopsys Netlist Linker, Version comp202309synp1, Build 349R, Built Sep 17 2024 08:16:26, @

@N|Running in 64-bit mode

At syn_nfilter Exit (Real Time elapsed 0h:00m:00s; CPU Time elapsed 0h:00m:00s; Memory used current: 92MB peak: 93MB)

Process took 0h:00m:01s realtime, 0h:00m:01s cputime

Process completed successfully.
# Sat Oct 11 18:25:41 2025

###########################################################]

For a summary of runtime and memory usage for all design units, please see file:
==========================================================
@L: C:\Users\CauaS\programacao\EmbarTech\residencia_04_2025\modulo_II\Atividades_feitas\ativ_unid_7_cap2\FPGA-CODIG\Projeto\impl1\synwork\atividade_proj_impl1_comp.rt.csv

@END

At c_hdl Exit (Real Time elapsed 0h:00m:00s; CPU Time elapsed 0h:00m:00s; Memory used current: 24MB peak: 24MB)

Process took 0h:00m:01s realtime, 0h:00m:01s cputime

Process completed successfully.
# Sat Oct 11 18:25:41 2025

###########################################################]
###########################################################[

Copyright (C) 1994-2023 Synopsys, Inc.
This Synopsys software and all associated documentation are proprietary to Synopsys, Inc.
and may only be used pursuant to the terms and conditions of a written license agreement
with Synopsys, Inc. All other use, reproduction, modification, or distribution of the
Synopsys software or the associated documentation is strictly prohibited.
Tool: Synplify Pro (R)
Build: V-2023.09L-2
Install: C:\lscc\diamond\3.14\synpbase
OS: Windows 10 or later
Hostname: CAUASL

Implementation : impl1
Synopsys Synopsys Netlist Linker, Version comp202309synp1, Build 349R, Built Sep 17 2024 08:16:26, @

@N|Running in 64-bit mode

At syn_nfilter Exit (Real Time elapsed 0h:00m:00s; CPU Time elapsed 0h:00m:00s; Memory used current: 92MB peak: 92MB)

Process took 0h:00m:01s realtime, 0h:00m:01s cputime

Process completed successfully.
# Sat Oct 11 18:25:42 2025

###########################################################]
Premap Report

# Sat Oct 11 18:25:42 2025


Copyright (C) 1994-2023 Synopsys, Inc.
This Synopsys software and all associated documentation are proprietary to Synopsys, Inc.
and may only be used pursuant to the terms and conditions of a written license agreement
with Synopsys, Inc. All other use, reproduction, modification, or distribution of the
Synopsys software or the associated documentation is strictly prohibited.
Tool: Synplify Pro (R)
Build: V-2023.09L-2
Install: C:\lscc\diamond\3.14\synpbase
OS: Windows 10 or later
Hostname: CAUASL

Implementation : impl1
Synopsys Lattice Technology Pre-mapping, Version map202309lat, Build 191R, Built Sep 17 2024 10:38:50, @


Mapper Startup Complete (Real Time elapsed 0h:00m:00s; CPU Time elapsed 0h:00m:00s; Memory used current: 183MB peak: 183MB)


Done reading skeleton netlist (Real Time elapsed 0h:00m:00s; CPU Time elapsed 0h:00m:00s; Memory used current: 188MB peak: 199MB)

@A: MF827 |No constraint file specified.
@L: C:\Users\CauaS\programacao\EmbarTech\residencia_04_2025\modulo_II\Atividades_feitas\ativ_unid_7_cap2\FPGA-CODIG\Projeto\impl1\atividade_proj_impl1_scck.rpt 
See clock summary report "C:\Users\CauaS\programacao\EmbarTech\residencia_04_2025\modulo_II\Atividades_feitas\ativ_unid_7_cap2\FPGA-CODIG\Projeto\impl1\atividade_proj_impl1_scck.rpt"
@N: MF916 |Option synthesis_strategy=base is enabled. 
@N: MF248 |Running in 64-bit mode.
@N: MF666 |Clock conversion enabled. (Command "set_option -fix_gated_and_generated_clocks 1" in the project file.)

Design Input Complete (Real Time elapsed 0h:00m:00s; CPU Time elapsed 0h:00m:00s; Memory used current: 190MB peak: 199MB)


Mapper Initialization Complete (Real Time elapsed 0h:00m:00s; CPU Time elapsed 0h:00m:00s; Memory used current: 191MB peak: 199MB)


Start loading timing files (Real Time elapsed 0h:00m:00s; CPU Time elapsed 0h:00m:00s; Memory used current: 205MB peak: 205MB)


Finished loading timing files (Real Time elapsed 0h:00m:00s; CPU Time elapsed 0h:00m:00s; Memory used current: 205MB peak: 207MB)

NConnInternalConnection caching is on

Starting HSTDM IP insertion (Real Time elapsed 0h:00m:00s; CPU Time elapsed 0h:00m:00s; Memory used current: 255MB peak: 256MB)


Finished HSTDM IP insertion (Real Time elapsed 0h:00m:00s; CPU Time elapsed 0h:00m:00s; Memory used current: 255MB peak: 256MB)


Started DisTri Cleanup (Real Time elapsed 0h:00m:00s; CPU Time elapsed 0h:00m:00s; Memory used current: 255MB peak: 256MB)


Finished DisTri Cleanup (Real Time elapsed 0h:00m:00s; CPU Time elapsed 0h:00m:00s; Memory used current: 255MB peak: 256MB)

Encoding state machine st[2:0] (in view: work.top(verilog))
original code -> new code
   00 -> 00
   01 -> 01
   10 -> 10

Starting clock optimization phase (Real Time elapsed 0h:00m:00s; CPU Time elapsed 0h:00m:00s; Memory used current: 258MB peak: 258MB)


mixed edge conversion for GCC is OFF

Finished clock optimization phase (Real Time elapsed 0h:00m:01s; CPU Time elapsed 0h:00m:01s; Memory used current: 258MB peak: 258MB)


Starting clock optimization report phase (Real Time elapsed 0h:00m:01s; CPU Time elapsed 0h:00m:01s; Memory used current: 258MB peak: 259MB)


Finished clock optimization report phase (Real Time elapsed 0h:00m:01s; CPU Time elapsed 0h:00m:01s; Memory used current: 258MB peak: 259MB)

@N: FX1184 |Applying syn_allowed_resources blockrams=108 on top level netlist top 

Finished netlist restructuring (Real Time elapsed 0h:00m:01s; CPU Time elapsed 0h:00m:01s; Memory used current: 258MB peak: 259MB)



Clock Summary
******************

          Start       Requested     Requested     Clock        Clock          Clock
Level     Clock       Frequency     Period        Type         Group          Load 
-----------------------------------------------------------------------------------
0 -       top|clk     200.0 MHz     5.000         inferred     (multiple)     174  
===================================================================================



Clock Load Summary
***********************

            Clock     Source        Clock Pin       Non-clock Pin     Non-clock Pin
Clock       Load      Pin           Seq Example     Seq Example       Comb Example 
-----------------------------------------------------------------------------------
top|clk     174       clk(port)     leden_s0.C      -                 -            
===================================================================================

@W: MT529 :"c:\users\cauas\programacao\embartech\residencia_04_2025\modulo_ii\atividades_feitas\ativ_unid_7_cap2\fpga-codig\arquivos\top.sv":166:2:166:7|Found inferred clock top|clk which controls 174 sequential elements including st[1]. This clock has no specified timing constraint which may prevent conversion of gated or generated clocks and may adversely impact design performance. 

ICG Latch Removal Summary:
Number of ICG latches removed: 0
Number of ICG latches not removed:	0


@S |Clock Optimization Summary



#### START OF PREMAP CLOCK OPTIMIZATION REPORT #####[

1 non-gated/non-generated clock tree(s) driving 174 clock pin(s) of sequential element(s)
0 gated/generated clock tree(s) driving 0 clock pin(s) of sequential element(s)
0 instances converted, 0 sequential instances remain driven by gated/generated clocks

=========================== Non-Gated/Non-Generated Clocks ============================
Clock Tree ID     Driving Element     Drive Element Type     Fanout     Sample Instance
---------------------------------------------------------------------------------------
@KP:ckid0_0       clk                 port                   174        st[1]          
=======================================================================================


##### END OF CLOCK OPTIMIZATION REPORT ######


Summary of user generated gated clocks:
0 user generated gated/generated clock tree(s) driving 0 clock pin(s) of sequential element(s)

@N: FX1143 |Skipping assigning INTERNAL_VREF to iobanks, because the table of mapping from pin to iobank is not initialized.
Finished Pre Mapping Phase.

Starting constraint checker (Real Time elapsed 0h:00m:01s; CPU Time elapsed 0h:00m:01s; Memory used current: 258MB peak: 259MB)


Finished constraint checker preprocessing (Real Time elapsed 0h:00m:01s; CPU Time elapsed 0h:00m:01s; Memory used current: 258MB peak: 259MB)


Finished constraint checker (Real Time elapsed 0h:00m:01s; CPU Time elapsed 0h:00m:01s; Memory used current: 259MB peak: 259MB)

Pre-mapping successful!

At Mapper Exit (Real Time elapsed 0h:00m:01s; CPU Time elapsed 0h:00m:01s; Memory used current: 175MB peak: 260MB)

Process took 0h:00m:01s realtime, 0h:00m:01s cputime
# Sat Oct 11 18:25:44 2025

###########################################################]
Map & Optimize Report

# Sat Oct 11 18:25:44 2025


Copyright (C) 1994-2023 Synopsys, Inc.
This Synopsys software and all associated documentation are proprietary to Synopsys, Inc.
and may only be used pursuant to the terms and conditions of a written license agreement
with Synopsys, Inc. All other use, reproduction, modification, or distribution of the
Synopsys software or the associated documentation is strictly prohibited.
Tool: Synplify Pro (R)
Build: V-2023.09L-2
Install: C:\lscc\diamond\3.14\synpbase
OS: Windows 10 or later
Hostname: CAUASL

Implementation : impl1
Synopsys Lattice Technology Mapper, Version map202309lat, Build 191R, Built Sep 17 2024 10:38:50, @


Mapper Startup Complete (Real Time elapsed 0h:00m:00s; CPU Time elapsed 0h:00m:00s; Memory used current: 184MB peak: 184MB)

@N: MF916 |Option synthesis_strategy=base is enabled. 
@N: MF248 |Running in 64-bit mode.
@N: MF666 |Clock conversion enabled. (Command "set_option -fix_gated_and_generated_clocks 1" in the project file.)

Design Input Complete (Real Time elapsed 0h:00m:00s; CPU Time elapsed 0h:00m:00s; Memory used current: 186MB peak: 199MB)


Mapper Initialization Complete (Real Time elapsed 0h:00m:00s; CPU Time elapsed 0h:00m:00s; Memory used current: 186MB peak: 199MB)


Start loading timing files (Real Time elapsed 0h:00m:00s; CPU Time elapsed 0h:00m:00s; Memory used current: 200MB peak: 200MB)


Finished loading timing files (Real Time elapsed 0h:00m:00s; CPU Time elapsed 0h:00m:00s; Memory used current: 202MB peak: 203MB)



Starting Optimization and Mapping (Real Time elapsed 0h:00m:00s; CPU Time elapsed 0h:00m:00s; Memory used current: 254MB peak: 254MB)


Finished RTL optimizations (Real Time elapsed 0h:00m:00s; CPU Time elapsed 0h:00m:00s; Memory used current: 258MB peak: 258MB)

@W: BN161 :"c:\users\cauas\programacao\embartech\residencia_04_2025\modulo_ii\atividades_feitas\ativ_unid_7_cap2\fpga-codig\arquivos\top.sv":20:7:20:9|Net N_36 has multiple drivers .
@W: BN161 :"c:\users\cauas\programacao\embartech\residencia_04_2025\modulo_ii\atividades_feitas\ativ_unid_7_cap2\fpga-codig\arquivos\top.sv":20:7:20:9|Net N_92 has multiple drivers .
@W: BN161 :"c:\users\cauas\programacao\embartech\residencia_04_2025\modulo_ii\atividades_feitas\ativ_unid_7_cap2\fpga-codig\arquivos\top.sv":20:7:20:9|Net N_110 has multiple drivers .
@W: BN161 :"c:\users\cauas\programacao\embartech\residencia_04_2025\modulo_ii\atividades_feitas\ativ_unid_7_cap2\fpga-codig\arquivos\top.sv":20:7:20:9|Net N_128 has multiple drivers .
@W: BN161 :"c:\users\cauas\programacao\embartech\residencia_04_2025\modulo_ii\atividades_feitas\ativ_unid_7_cap2\fpga-codig\arquivos\top.sv":20:7:20:9|Net N_146 has multiple drivers .
@N: MF179 :"c:\users\cauas\programacao\embartech\residencia_04_2025\modulo_ii\atividades_feitas\ativ_unid_7_cap2\fpga-codig\arquivos\top.sv":140:10:140:33|Found 30 by 30 bit equality operator ('==') tcnt8 (in view: work.top(verilog))
@W: BN161 :"c:\users\cauas\programacao\embartech\residencia_04_2025\modulo_ii\atividades_feitas\ativ_unid_7_cap2\fpga-codig\arquivos\top.sv":20:7:20:9|Net N_159 has multiple drivers .
@W: BN161 :"c:\users\cauas\programacao\embartech\residencia_04_2025\modulo_ii\atividades_feitas\ativ_unid_7_cap2\fpga-codig\arquivos\top.sv":20:7:20:9|Net N_160 has multiple drivers .
@W: BN161 :"c:\users\cauas\programacao\embartech\residencia_04_2025\modulo_ii\atividades_feitas\ativ_unid_7_cap2\fpga-codig\arquivos\top.sv":20:7:20:9|Net N_161 has multiple drivers .
@W: BN161 :"c:\users\cauas\programacao\embartech\residencia_04_2025\modulo_ii\atividades_feitas\ativ_unid_7_cap2\fpga-codig\arquivos\top.sv":20:7:20:9|Net N_162 has multiple drivers .

Starting factoring (Real Time elapsed 0h:00m:01s; CPU Time elapsed 0h:00m:01s; Memory used current: 261MB peak: 261MB)


Finished factoring (Real Time elapsed 0h:00m:01s; CPU Time elapsed 0h:00m:01s; Memory used current: 261MB peak: 261MB)


Available hyper_sources - for debug and ip models
	None Found

NConnInternalConnection caching is on

Finished generic timing optimizations - Pass 1 (Real Time elapsed 0h:00m:02s; CPU Time elapsed 0h:00m:01s; Memory used current: 261MB peak: 261MB)

@W: BN161 :"c:\users\cauas\programacao\embartech\residencia_04_2025\modulo_ii\atividades_feitas\ativ_unid_7_cap2\fpga-codig\arquivos\top.sv":20:7:20:9|Net N_180 has multiple drivers .
@W: BN161 :"c:\users\cauas\programacao\embartech\residencia_04_2025\modulo_ii\atividades_feitas\ativ_unid_7_cap2\fpga-codig\arquivos\top.sv":20:7:20:9|Net N_184 has multiple drivers .
@W: BN161 :"c:\users\cauas\programacao\embartech\residencia_04_2025\modulo_ii\atividades_feitas\ativ_unid_7_cap2\fpga-codig\arquivos\top.sv":20:7:20:9|Net N_186 has multiple drivers .
@W: BN161 :"c:\users\cauas\programacao\embartech\residencia_04_2025\modulo_ii\atividades_feitas\ativ_unid_7_cap2\fpga-codig\arquivos\top.sv":20:7:20:9|Net N_3744 has multiple drivers .
@W: BN161 :"c:\users\cauas\programacao\embartech\residencia_04_2025\modulo_ii\atividades_feitas\ativ_unid_7_cap2\fpga-codig\arquivos\top.sv":20:7:20:9|Net N_3750 has multiple drivers .
@W: BN161 :"c:\users\cauas\programacao\embartech\residencia_04_2025\modulo_ii\atividades_feitas\ativ_unid_7_cap2\fpga-codig\arquivos\top.sv":20:7:20:9|Net un4_div_led_axb_0 has multiple drivers .
@W: BN161 :"c:\users\cauas\programacao\embartech\residencia_04_2025\modulo_ii\atividades_feitas\ativ_unid_7_cap2\fpga-codig\arquivos\top.sv":20:7:20:9|Net un4_div_led_axb_1 has multiple drivers .
@W: BN161 :"c:\users\cauas\programacao\embartech\residencia_04_2025\modulo_ii\atividades_feitas\ativ_unid_7_cap2\fpga-codig\arquivos\top.sv":20:7:20:9|Net un4_div_led_axb_2 has multiple drivers .
@W: BN161 :"c:\users\cauas\programacao\embartech\residencia_04_2025\modulo_ii\atividades_feitas\ativ_unid_7_cap2\fpga-codig\arquivos\top.sv":20:7:20:9|Net un4_div_led_axb_3 has multiple drivers .
@W: BN161 :"c:\users\cauas\programacao\embartech\residencia_04_2025\modulo_ii\atividades_feitas\ativ_unid_7_cap2\fpga-codig\arquivos\top.sv":20:7:20:9|Net un4_div_led_axb_4 has multiple drivers .
@W: BN161 :"c:\users\cauas\programacao\embartech\residencia_04_2025\modulo_ii\atividades_feitas\ativ_unid_7_cap2\fpga-codig\arquivos\top.sv":20:7:20:9|Net un4_div_led_axb_5 has multiple drivers .
@W: BN161 :"c:\users\cauas\programacao\embartech\residencia_04_2025\modulo_ii\atividades_feitas\ativ_unid_7_cap2\fpga-codig\arquivos\top.sv":20:7:20:9|Net un4_div_led_axb_6 has multiple drivers .
@W: BN161 :"c:\users\cauas\programacao\embartech\residencia_04_2025\modulo_ii\atividades_feitas\ativ_unid_7_cap2\fpga-codig\arquivos\top.sv":20:7:20:9|Net un4_div_led_axb_7 has multiple drivers .
@W: BN161 :"c:\users\cauas\programacao\embartech\residencia_04_2025\modulo_ii\atividades_feitas\ativ_unid_7_cap2\fpga-codig\arquivos\top.sv":20:7:20:9|Net un4_div_led_axb_8 has multiple drivers .
@W: BN161 :"c:\users\cauas\programacao\embartech\residencia_04_2025\modulo_ii\atividades_feitas\ativ_unid_7_cap2\fpga-codig\arquivos\top.sv":20:7:20:9|Net un4_div_led_axb_9 has multiple drivers .
@W: BN161 :"c:\users\cauas\programacao\embartech\residencia_04_2025\modulo_ii\atividades_feitas\ativ_unid_7_cap2\fpga-codig\arquivos\top.sv":20:7:20:9|Net un4_div_led_axb_10 has multiple drivers .
@W: BN161 :"c:\users\cauas\programacao\embartech\residencia_04_2025\modulo_ii\atividades_feitas\ativ_unid_7_cap2\fpga-codig\arquivos\top.sv":20:7:20:9|Net un4_div_led_axb_11 has multiple drivers .
@W: BN161 :"c:\users\cauas\programacao\embartech\residencia_04_2025\modulo_ii\atividades_feitas\ativ_unid_7_cap2\fpga-codig\arquivos\top.sv":20:7:20:9|Net un4_div_led_axb_12 has multiple drivers .
@W: BN161 :"c:\users\cauas\programacao\embartech\residencia_04_2025\modulo_ii\atividades_feitas\ativ_unid_7_cap2\fpga-codig\arquivos\top.sv":20:7:20:9|Net un4_div_led_axb_13 has multiple drivers .
@W: BN161 :"c:\users\cauas\programacao\embartech\residencia_04_2025\modulo_ii\atividades_feitas\ativ_unid_7_cap2\fpga-codig\arquivos\top.sv":20:7:20:9|Net un4_div_led_axb_14 has multiple drivers .
@W: BN161 :"c:\users\cauas\programacao\embartech\residencia_04_2025\modulo_ii\atividades_feitas\ativ_unid_7_cap2\fpga-codig\arquivos\top.sv":20:7:20:9|Net un4_div_led_axb_15 has multiple drivers .
@W: BN161 :"c:\users\cauas\programacao\embartech\residencia_04_2025\modulo_ii\atividades_feitas\ativ_unid_7_cap2\fpga-codig\arquivos\top.sv":20:7:20:9|Net un4_div_led_axb_16 has multiple drivers .
@W: BN161 :"c:\users\cauas\programacao\embartech\residencia_04_2025\modulo_ii\atividades_feitas\ativ_unid_7_cap2\fpga-codig\arquivos\top.sv":20:7:20:9|Net un4_div_led_axb_17 has multiple drivers .
@W: BN161 :"c:\users\cauas\programacao\embartech\residencia_04_2025\modulo_ii\atividades_feitas\ativ_unid_7_cap2\fpga-codig\arquivos\top.sv":20:7:20:9|Net un4_div_led_axb_18 has multiple drivers .
@W: BN161 :"c:\users\cauas\programacao\embartech\residencia_04_2025\modulo_ii\atividades_feitas\ativ_unid_7_cap2\fpga-codig\arquivos\top.sv":20:7:20:9|Net un4_div_led_axb_19 has multiple drivers .
@W: BN161 :"c:\users\cauas\programacao\embartech\residencia_04_2025\modulo_ii\atividades_feitas\ativ_unid_7_cap2\fpga-codig\arquivos\top.sv":20:7:20:9|Net un4_div_led_axb_20 has multiple drivers .
@W: BN161 :"c:\users\cauas\programacao\embartech\residencia_04_2025\modulo_ii\atividades_feitas\ativ_unid_7_cap2\fpga-codig\arquivos\top.sv":20:7:20:9|Net un4_div_led_axb_21 has multiple drivers .
@W: BN161 :"c:\users\cauas\programacao\embartech\residencia_04_2025\modulo_ii\atividades_feitas\ativ_unid_7_cap2\fpga-codig\arquivos\top.sv":20:7:20:9|Net un4_div_led_axb_22 has multiple drivers .
@W: BN161 :"c:\users\cauas\programacao\embartech\residencia_04_2025\modulo_ii\atividades_feitas\ativ_unid_7_cap2\fpga-codig\arquivos\top.sv":20:7:20:9|Net un4_div_led_axb_23 has multiple drivers .
@W: BN161 :"c:\users\cauas\programacao\embartech\residencia_04_2025\modulo_ii\atividades_feitas\ativ_unid_7_cap2\fpga-codig\arquivos\top.sv":20:7:20:9|Net un1_div_o5_axb_0 has multiple drivers .
@W: BN161 :"c:\users\cauas\programacao\embartech\residencia_04_2025\modulo_ii\atividades_feitas\ativ_unid_7_cap2\fpga-codig\arquivos\top.sv":20:7:20:9|Net un1_div_o5_axb_1 has multiple drivers .
@W: BN161 :"c:\users\cauas\programacao\embartech\residencia_04_2025\modulo_ii\atividades_feitas\ativ_unid_7_cap2\fpga-codig\arquivos\top.sv":20:7:20:9|Net un1_div_o5_axb_2 has multiple drivers .
@W: BN161 :"c:\users\cauas\programacao\embartech\residencia_04_2025\modulo_ii\atividades_feitas\ativ_unid_7_cap2\fpga-codig\arquivos\top.sv":20:7:20:9|Net un1_div_o5_axb_3 has multiple drivers .
@W: BN161 :"c:\users\cauas\programacao\embartech\residencia_04_2025\modulo_ii\atividades_feitas\ativ_unid_7_cap2\fpga-codig\arquivos\top.sv":20:7:20:9|Net un1_div_o5_axb_4 has multiple drivers .
@W: BN161 :"c:\users\cauas\programacao\embartech\residencia_04_2025\modulo_ii\atividades_feitas\ativ_unid_7_cap2\fpga-codig\arquivos\top.sv":20:7:20:9|Net un1_div_o5_axb_5 has multiple drivers .
@W: BN161 :"c:\users\cauas\programacao\embartech\residencia_04_2025\modulo_ii\atividades_feitas\ativ_unid_7_cap2\fpga-codig\arquivos\top.sv":20:7:20:9|Net un1_div_o5_axb_6 has multiple drivers .
@W: BN161 :"c:\users\cauas\programacao\embartech\residencia_04_2025\modulo_ii\atividades_feitas\ativ_unid_7_cap2\fpga-codig\arquivos\top.sv":20:7:20:9|Net un1_div_o5_axb_7 has multiple drivers .
@W: BN161 :"c:\users\cauas\programacao\embartech\residencia_04_2025\modulo_ii\atividades_feitas\ativ_unid_7_cap2\fpga-codig\arquivos\top.sv":20:7:20:9|Net un1_div_o5_axb_8 has multiple drivers .
@W: BN161 :"c:\users\cauas\programacao\embartech\residencia_04_2025\modulo_ii\atividades_feitas\ativ_unid_7_cap2\fpga-codig\arquivos\top.sv":20:7:20:9|Net un1_div_o5_axb_9 has multiple drivers .
@W: BN161 :"c:\users\cauas\programacao\embartech\residencia_04_2025\modulo_ii\atividades_feitas\ativ_unid_7_cap2\fpga-codig\arquivos\top.sv":20:7:20:9|Net un1_div_o5_axb_10 has multiple drivers .
@W: BN161 :"c:\users\cauas\programacao\embartech\residencia_04_2025\modulo_ii\atividades_feitas\ativ_unid_7_cap2\fpga-codig\arquivos\top.sv":20:7:20:9|Net un1_div_o5_axb_11 has multiple drivers .
@W: BN161 :"c:\users\cauas\programacao\embartech\residencia_04_2025\modulo_ii\atividades_feitas\ativ_unid_7_cap2\fpga-codig\arquivos\top.sv":20:7:20:9|Net un1_div_o5_axb_12 has multiple drivers .
@W: BN161 :"c:\users\cauas\programacao\embartech\residencia_04_2025\modulo_ii\atividades_feitas\ativ_unid_7_cap2\fpga-codig\arquivos\top.sv":20:7:20:9|Net un1_div_o5_axb_13 has multiple drivers .
@W: BN161 :"c:\users\cauas\programacao\embartech\residencia_04_2025\modulo_ii\atividades_feitas\ativ_unid_7_cap2\fpga-codig\arquivos\top.sv":20:7:20:9|Net un1_div_o5_axb_14 has multiple drivers .
@W: BN161 :"c:\users\cauas\programacao\embartech\residencia_04_2025\modulo_ii\atividades_feitas\ativ_unid_7_cap2\fpga-codig\arquivos\top.sv":20:7:20:9|Net un1_div_o5_axb_15 has multiple drivers .
@W: BN161 :"c:\users\cauas\programacao\embartech\residencia_04_2025\modulo_ii\atividades_feitas\ativ_unid_7_cap2\fpga-codig\arquivos\top.sv":20:7:20:9|Net un1_div_o5_axb_16 has multiple drivers .
@W: BN161 :"c:\users\cauas\programacao\embartech\residencia_04_2025\modulo_ii\atividades_feitas\ativ_unid_7_cap2\fpga-codig\arquivos\top.sv":20:7:20:9|Net un1_div_o5_axb_17 has multiple drivers .
@W: BN161 :"c:\users\cauas\programacao\embartech\residencia_04_2025\modulo_ii\atividades_feitas\ativ_unid_7_cap2\fpga-codig\arquivos\top.sv":20:7:20:9|Net un1_div_o5_axb_18 has multiple drivers .
@W: BN161 :"c:\users\cauas\programacao\embartech\residencia_04_2025\modulo_ii\atividades_feitas\ativ_unid_7_cap2\fpga-codig\arquivos\top.sv":20:7:20:9|Net un1_div_o5_axb_19 has multiple drivers .
@W: BN161 :"c:\users\cauas\programacao\embartech\residencia_04_2025\modulo_ii\atividades_feitas\ativ_unid_7_cap2\fpga-codig\arquivos\top.sv":20:7:20:9|Net un1_div_o5_axb_20 has multiple drivers .
@W: BN161 :"c:\users\cauas\programacao\embartech\residencia_04_2025\modulo_ii\atividades_feitas\ativ_unid_7_cap2\fpga-codig\arquivos\top.sv":20:7:20:9|Net un1_div_o5_axb_21 has multiple drivers .
@W: BN161 :"c:\users\cauas\programacao\embartech\residencia_04_2025\modulo_ii\atividades_feitas\ativ_unid_7_cap2\fpga-codig\arquivos\top.sv":20:7:20:9|Net un1_div_o5_axb_22 has multiple drivers .
@W: BN161 :"c:\users\cauas\programacao\embartech\residencia_04_2025\modulo_ii\atividades_feitas\ativ_unid_7_cap2\fpga-codig\arquivos\top.sv":20:7:20:9|Net un3_div_o3_axb_0 has multiple drivers .
@W: BN161 :"c:\users\cauas\programacao\embartech\residencia_04_2025\modulo_ii\atividades_feitas\ativ_unid_7_cap2\fpga-codig\arquivos\top.sv":20:7:20:9|Net un3_div_o3_axb_1 has multiple drivers .
@W: BN161 :"c:\users\cauas\programacao\embartech\residencia_04_2025\modulo_ii\atividades_feitas\ativ_unid_7_cap2\fpga-codig\arquivos\top.sv":20:7:20:9|Net un3_div_o3_axb_2 has multiple drivers .
@W: BN161 :"c:\users\cauas\programacao\embartech\residencia_04_2025\modulo_ii\atividades_feitas\ativ_unid_7_cap2\fpga-codig\arquivos\top.sv":20:7:20:9|Net un3_div_o3_axb_3 has multiple drivers .
@W: BN161 :"c:\users\cauas\programacao\embartech\residencia_04_2025\modulo_ii\atividades_feitas\ativ_unid_7_cap2\fpga-codig\arquivos\top.sv":20:7:20:9|Net un3_div_o3_axb_4 has multiple drivers .
@W: BN161 :"c:\users\cauas\programacao\embartech\residencia_04_2025\modulo_ii\atividades_feitas\ativ_unid_7_cap2\fpga-codig\arquivos\top.sv":20:7:20:9|Net un3_div_o3_axb_5 has multiple drivers .
@W: BN161 :"c:\users\cauas\programacao\embartech\residencia_04_2025\modulo_ii\atividades_feitas\ativ_unid_7_cap2\fpga-codig\arquivos\top.sv":20:7:20:9|Net un3_div_o3_axb_6 has multiple drivers .
@W: BN161 :"c:\users\cauas\programacao\embartech\residencia_04_2025\modulo_ii\atividades_feitas\ativ_unid_7_cap2\fpga-codig\arquivos\top.sv":20:7:20:9|Net un3_div_o3_axb_7 has multiple drivers .
@W: BN161 :"c:\users\cauas\programacao\embartech\residencia_04_2025\modulo_ii\atividades_feitas\ativ_unid_7_cap2\fpga-codig\arquivos\top.sv":20:7:20:9|Net un3_div_o3_axb_8 has multiple drivers .
@W: BN161 :"c:\users\cauas\programacao\embartech\residencia_04_2025\modulo_ii\atividades_feitas\ativ_unid_7_cap2\fpga-codig\arquivos\top.sv":20:7:20:9|Net un3_div_o3_axb_9 has multiple drivers .
@W: BN161 :"c:\users\cauas\programacao\embartech\residencia_04_2025\modulo_ii\atividades_feitas\ativ_unid_7_cap2\fpga-codig\arquivos\top.sv":20:7:20:9|Net un3_div_o3_axb_10 has multiple drivers .
@W: BN161 :"c:\users\cauas\programacao\embartech\residencia_04_2025\modulo_ii\atividades_feitas\ativ_unid_7_cap2\fpga-codig\arquivos\top.sv":20:7:20:9|Net un3_div_o3_axb_11 has multiple drivers .
@W: BN161 :"c:\users\cauas\programacao\embartech\residencia_04_2025\modulo_ii\atividades_feitas\ativ_unid_7_cap2\fpga-codig\arquivos\top.sv":20:7:20:9|Net un3_div_o3_axb_12 has multiple drivers .
@W: BN161 :"c:\users\cauas\programacao\embartech\residencia_04_2025\modulo_ii\atividades_feitas\ativ_unid_7_cap2\fpga-codig\arquivos\top.sv":20:7:20:9|Net un3_div_o3_axb_13 has multiple drivers .
@W: BN161 :"c:\users\cauas\programacao\embartech\residencia_04_2025\modulo_ii\atividades_feitas\ativ_unid_7_cap2\fpga-codig\arquivos\top.sv":20:7:20:9|Net un3_div_o3_axb_14 has multiple drivers .
@W: BN161 :"c:\users\cauas\programacao\embartech\residencia_04_2025\modulo_ii\atividades_feitas\ativ_unid_7_cap2\fpga-codig\arquivos\top.sv":20:7:20:9|Net un3_div_o3_axb_15 has multiple drivers .
@W: BN161 :"c:\users\cauas\programacao\embartech\residencia_04_2025\modulo_ii\atividades_feitas\ativ_unid_7_cap2\fpga-codig\arquivos\top.sv":20:7:20:9|Net un3_div_o3_axb_16 has multiple drivers .
@W: BN161 :"c:\users\cauas\programacao\embartech\residencia_04_2025\modulo_ii\atividades_feitas\ativ_unid_7_cap2\fpga-codig\arquivos\top.sv":20:7:20:9|Net un3_div_o3_axb_17 has multiple drivers .
@W: BN161 :"c:\users\cauas\programacao\embartech\residencia_04_2025\modulo_ii\atividades_feitas\ativ_unid_7_cap2\fpga-codig\arquivos\top.sv":20:7:20:9|Net un3_div_o3_axb_18 has multiple drivers .
@W: BN161 :"c:\users\cauas\programacao\embartech\residencia_04_2025\modulo_ii\atividades_feitas\ativ_unid_7_cap2\fpga-codig\arquivos\top.sv":20:7:20:9|Net un3_div_o3_axb_19 has multiple drivers .
@W: BN161 :"c:\users\cauas\programacao\embartech\residencia_04_2025\modulo_ii\atividades_feitas\ativ_unid_7_cap2\fpga-codig\arquivos\top.sv":20:7:20:9|Net un3_div_o3_axb_20 has multiple drivers .
@W: BN161 :"c:\users\cauas\programacao\embartech\residencia_04_2025\modulo_ii\atividades_feitas\ativ_unid_7_cap2\fpga-codig\arquivos\top.sv":20:7:20:9|Net un3_div_o3_axb_21 has multiple drivers .
@W: BN161 :"c:\users\cauas\programacao\embartech\residencia_04_2025\modulo_ii\atividades_feitas\ativ_unid_7_cap2\fpga-codig\arquivos\top.sv":20:7:20:9|Net un3_div_o3_axb_22 has multiple drivers .
@W: BN161 :"c:\users\cauas\programacao\embartech\residencia_04_2025\modulo_ii\atividades_feitas\ativ_unid_7_cap2\fpga-codig\arquivos\top.sv":20:7:20:9|Net un3_div_o3_axb_23 has multiple drivers .
@W: BN161 :"c:\users\cauas\programacao\embartech\residencia_04_2025\modulo_ii\atividades_feitas\ativ_unid_7_cap2\fpga-codig\arquivos\top.sv":20:7:20:9|Net un3_tcnt_axb_0 has multiple drivers .
@W: BN161 :"c:\users\cauas\programacao\embartech\residencia_04_2025\modulo_ii\atividades_feitas\ativ_unid_7_cap2\fpga-codig\arquivos\top.sv":20:7:20:9|Net un3_tcnt_axb_1 has multiple drivers .
@W: BN161 :"c:\users\cauas\programacao\embartech\residencia_04_2025\modulo_ii\atividades_feitas\ativ_unid_7_cap2\fpga-codig\arquivos\top.sv":20:7:20:9|Net un3_tcnt_axb_2 has multiple drivers .
@W: BN161 :"c:\users\cauas\programacao\embartech\residencia_04_2025\modulo_ii\atividades_feitas\ativ_unid_7_cap2\fpga-codig\arquivos\top.sv":20:7:20:9|Net un3_tcnt_axb_3 has multiple drivers .
@W: BN161 :"c:\users\cauas\programacao\embartech\residencia_04_2025\modulo_ii\atividades_feitas\ativ_unid_7_cap2\fpga-codig\arquivos\top.sv":20:7:20:9|Net un3_tcnt_axb_4 has multiple drivers .
@W: BN161 :"c:\users\cauas\programacao\embartech\residencia_04_2025\modulo_ii\atividades_feitas\ativ_unid_7_cap2\fpga-codig\arquivos\top.sv":20:7:20:9|Net un3_tcnt_axb_5 has multiple drivers .
@W: BN161 :"c:\users\cauas\programacao\embartech\residencia_04_2025\modulo_ii\atividades_feitas\ativ_unid_7_cap2\fpga-codig\arquivos\top.sv":20:7:20:9|Net un3_tcnt_axb_6 has multiple drivers .
@W: BN161 :"c:\users\cauas\programacao\embartech\residencia_04_2025\modulo_ii\atividades_feitas\ativ_unid_7_cap2\fpga-codig\arquivos\top.sv":20:7:20:9|Net un3_tcnt_axb_7 has multiple drivers .
@W: BN161 :"c:\users\cauas\programacao\embartech\residencia_04_2025\modulo_ii\atividades_feitas\ativ_unid_7_cap2\fpga-codig\arquivos\top.sv":20:7:20:9|Net un3_tcnt_axb_8 has multiple drivers .
@W: BN161 :"c:\users\cauas\programacao\embartech\residencia_04_2025\modulo_ii\atividades_feitas\ativ_unid_7_cap2\fpga-codig\arquivos\top.sv":20:7:20:9|Net un3_tcnt_axb_9 has multiple drivers .
@W: BN161 :"c:\users\cauas\programacao\embartech\residencia_04_2025\modulo_ii\atividades_feitas\ativ_unid_7_cap2\fpga-codig\arquivos\top.sv":20:7:20:9|Net un3_tcnt_axb_10 has multiple drivers .
@W: BN161 :"c:\users\cauas\programacao\embartech\residencia_04_2025\modulo_ii\atividades_feitas\ativ_unid_7_cap2\fpga-codig\arquivos\top.sv":20:7:20:9|Net un3_tcnt_axb_11 has multiple drivers .
@W: BN161 :"c:\users\cauas\programacao\embartech\residencia_04_2025\modulo_ii\atividades_feitas\ativ_unid_7_cap2\fpga-codig\arquivos\top.sv":20:7:20:9|Net un3_tcnt_axb_12 has multiple drivers .
@W: BN161 :"c:\users\cauas\programacao\embartech\residencia_04_2025\modulo_ii\atividades_feitas\ativ_unid_7_cap2\fpga-codig\arquivos\top.sv":20:7:20:9|Net un3_tcnt_axb_13 has multiple drivers .
@W: BN161 :"c:\users\cauas\programacao\embartech\residencia_04_2025\modulo_ii\atividades_feitas\ativ_unid_7_cap2\fpga-codig\arquivos\top.sv":20:7:20:9|Net un3_tcnt_axb_14 has multiple drivers .

Only the first 100 messages of id 'BN161' are reported. To see all messages use 'report_messages -log C:\Users\CauaS\programacao\EmbarTech\residencia_04_2025\modulo_II\Atividades_feitas\ativ_unid_7_cap2\FPGA-CODIG\Projeto\impl1\synlog\atividade_proj_impl1_fpga_mapper.srr -id BN161' in the Tcl shell. To see all messages in future runs, use the command 'message_override -limit {BN161} -count unlimited' in the Tcl shell.

Starting Early Timing Optimization (Real Time elapsed 0h:00m:02s; CPU Time elapsed 0h:00m:02s; Memory used current: 263MB peak: 263MB)


Finished Early Timing Optimization (Real Time elapsed 0h:00m:02s; CPU Time elapsed 0h:00m:02s; Memory used current: 263MB peak: 263MB)


Finished generic timing optimizations - Pass 2 (Real Time elapsed 0h:00m:02s; CPU Time elapsed 0h:00m:02s; Memory used current: 263MB peak: 263MB)


Finished preparing to map (Real Time elapsed 0h:00m:02s; CPU Time elapsed 0h:00m:02s; Memory used current: 263MB peak: 263MB)


Finished technology mapping (Real Time elapsed 0h:00m:02s; CPU Time elapsed 0h:00m:02s; Memory used current: 263MB peak: 263MB)

Pass		 CPU time		Worst Slack		Luts / Registers
------------------------------------------------------------
   1		0h:00m:02s		     1.05ns		  76 /       174

Finished technology timing optimizations and critical path resynthesis (Real Time elapsed 0h:00m:02s; CPU Time elapsed 0h:00m:02s; Memory used current: 263MB peak: 264MB)

@N: FX164 |The option to pack registers in the IOB has not been specified. Please set syn_useioff attribute.  

Finished restoring hierarchy (Real Time elapsed 0h:00m:02s; CPU Time elapsed 0h:00m:02s; Memory used current: 264MB peak: 264MB)


Starting CDBProcessSetClockGroups... (Real Time elapsed 0h:00m:02s; CPU Time elapsed 0h:00m:02s; Memory used current: 264MB peak: 264MB)


Finished with CDBProcessSetClockGroups (Real Time elapsed 0h:00m:02s; CPU Time elapsed 0h:00m:02s; Memory used current: 264MB peak: 264MB)


Start Writing Netlists (Real Time elapsed 0h:00m:02s; CPU Time elapsed 0h:00m:02s; Memory used current: 211MB peak: 264MB)

Writing Analyst data base C:\Users\CauaS\programacao\EmbarTech\residencia_04_2025\modulo_II\Atividades_feitas\ativ_unid_7_cap2\FPGA-CODIG\Projeto\impl1\synwork\atividade_proj_impl1_m.srm

Finished Writing Netlist Databases (Real Time elapsed 0h:00m:03s; CPU Time elapsed 0h:00m:03s; Memory used current: 264MB peak: 265MB)

Writing EDIF Netlist and constraint files
@N: FX1056 |Writing EDF file: C:\Users\CauaS\programacao\EmbarTech\residencia_04_2025\modulo_II\Atividades_feitas\ativ_unid_7_cap2\FPGA-CODIG\Projeto\impl1\atividade_proj_impl1.edi
@N: BW106 |Synplicity Constraint File capacitance units using default value of 1pF 

Finished Writing EDIF Netlist and constraint files (Real Time elapsed 0h:00m:03s; CPU Time elapsed 0h:00m:03s; Memory used current: 273MB peak: 273MB)


Finished Writing Netlists (Real Time elapsed 0h:00m:03s; CPU Time elapsed 0h:00m:03s; Memory used current: 273MB peak: 273MB)


Start final timing analysis (Real Time elapsed 0h:00m:04s; CPU Time elapsed 0h:00m:03s; Memory used current: 271MB peak: 273MB)

@W: MT420 |Found inferred clock top|clk with period 5.00ns. Please declare a user-defined clock on port clk.


##### START OF TIMING REPORT #####[
# Timing report written on Sat Oct 11 18:25:49 2025
#


Top view:               top
Requested Frequency:    200.0 MHz
Wire load mode:         top
Paths requested:        5
Constraint File(s):    
@N: MT320 |This timing report is an estimate of place and route data. For final timing results, use the FPGA vendor place and route report.

@N: MT322 |Clock constraints include only register-to-register paths associated with each individual clock.



Performance Summary
*******************


Worst slack in design: 1.540

                   Requested     Estimated     Requested     Estimated               Clock        Clock     
Starting Clock     Frequency     Frequency     Period        Period        Slack     Type         Group     
------------------------------------------------------------------------------------------------------------
top|clk            200.0 MHz     289.0 MHz     5.000         3.461         1.540     inferred     (multiple)
============================================================================================================





Clock Relationships
*******************

Clocks             |    rise  to  rise   |    fall  to  fall   |    rise  to  fall   |    fall  to  rise 
---------------------------------------------------------------------------------------------------------
Starting  Ending   |  constraint  slack  |  constraint  slack  |  constraint  slack  |  constraint  slack
---------------------------------------------------------------------------------------------------------
top|clk   top|clk  |  5.000       1.540  |  No paths    -      |  No paths    -      |  No paths    -    
=========================================================================================================
 Note: 'No paths' indicates there are no paths in the design for that pair of clock edges.
       'Diff grp' indicates that paths exist but the starting clock and ending clock are in different clock groups.



Interface Information 
*********************

No IO constraint found



====================================
Detailed Report for Clock: top|clk
====================================



Starting Points with Worst Slack
********************************

               Starting                                         Arrival          
Instance       Reference     Type        Pin     Net            Time        Slack
               Clock                                                             
---------------------------------------------------------------------------------
tcnt[0]        top|clk       FD1S3IX     Q       tcnt[0]        0.955       1.540
div_o5[4]      top|clk       FD1S3IX     Q       div_o5[4]      0.907       1.621
div_o5[6]      top|clk       FD1S3AX     Q       div_o5[6]      0.907       1.621
div_o5[7]      top|clk       FD1S3AX     Q       div_o5[7]      0.907       1.621
div_o5[8]      top|clk       FD1S3AX     Q       div_o5[8]      0.907       1.621
div_o5[13]     top|clk       FD1S3AX     Q       div_o5[13]     0.907       1.621
div_o5[17]     top|clk       FD1S3IX     Q       div_o5[17]     0.907       1.621
div_o5[18]     top|clk       FD1S3IX     Q       div_o5[18]     0.907       1.621
div_o5[19]     top|clk       FD1S3IX     Q       div_o5[19]     0.907       1.621
div_o5[20]     top|clk       FD1S3IX     Q       div_o5[20]     0.907       1.621
=================================================================================


Ending Points with Worst Slack
******************************

                Starting                                              Required          
Instance        Reference     Type        Pin     Net                 Time         Slack
                Clock                                                                   
----------------------------------------------------------------------------------------
tcnt[29]        top|clk       FD1S3IX     D       un3_tcnt[29]        4.946        1.540
tcnt[27]        top|clk       FD1S3IX     D       un3_tcnt[27]        4.946        1.601
tcnt[28]        top|clk       FD1S3IX     D       un3_tcnt[28]        4.946        1.601
O5              top|clk       FD1S3AX     D       O5_0                4.946        1.621
rst_state       top|clk       FD1P3AX     SP      db_cnt_rs10         4.806        1.637
start_state     top|clk       FD1P3AX     SP      db_cnt_st9          4.806        1.637
stop_state      top|clk       FD1P3AX     SP      db_cnt_sp10         4.806        1.637
tcnt[25]        top|clk       FD1S3IX     D       un3_tcnt[25]        4.946        1.661
tcnt[26]        top|clk       FD1S3IX     D       un3_tcnt[26]        4.946        1.661
div_led[23]     top|clk       FD1S3IX     D       un4_div_led[23]     4.946        1.722
========================================================================================



Worst Path Information
***********************


Path information for path number 1: 
      Requested Period:                      5.000
    - Setup time:                            0.054
    + Clock delay at ending point:           0.000 (ideal)
    = Required time:                         4.946

    - Propagation time:                      3.406
    - Clock delay at starting point:         0.000 (ideal)
    = Slack (critical) :                     1.539

    Number of logic level(s):                16
    Starting point:                          tcnt[0] / Q
    Ending point:                            tcnt[29] / D
    The start point is clocked by            top|clk [rising] (rise=0.000 fall=2.500 period=5.000) on pin CK
    The end   point is clocked by            top|clk [rising] (rise=0.000 fall=2.500 period=5.000) on pin CK

Instance / Net                    Pin      Pin               Arrival     No. of    
Name                  Type        Name     Dir     Delay     Time        Fan Out(s)
-----------------------------------------------------------------------------------
tcnt[0]               FD1S3IX     Q        Out     0.955     0.955 r     -         
tcnt[0]               Net         -        -       -         -           3         
un3_tcnt_cry_0_0      CCU2C       A1       In      0.000     0.955 r     -         
un3_tcnt_cry_0_0      CCU2C       COUT     Out     0.900     1.855 r     -         
un3_tcnt_cry_0        Net         -        -       -         -           1         
un3_tcnt_cry_1_0      CCU2C       CIN      In      0.000     1.855 r     -         
un3_tcnt_cry_1_0      CCU2C       COUT     Out     0.061     1.916 r     -         
un3_tcnt_cry_2        Net         -        -       -         -           1         
un3_tcnt_cry_3_0      CCU2C       CIN      In      0.000     1.916 r     -         
un3_tcnt_cry_3_0      CCU2C       COUT     Out     0.061     1.977 r     -         
un3_tcnt_cry_4        Net         -        -       -         -           1         
un3_tcnt_cry_5_0      CCU2C       CIN      In      0.000     1.977 r     -         
un3_tcnt_cry_5_0      CCU2C       COUT     Out     0.061     2.038 r     -         
un3_tcnt_cry_6        Net         -        -       -         -           1         
un3_tcnt_cry_7_0      CCU2C       CIN      In      0.000     2.038 r     -         
un3_tcnt_cry_7_0      CCU2C       COUT     Out     0.061     2.099 r     -         
un3_tcnt_cry_8        Net         -        -       -         -           1         
un3_tcnt_cry_9_0      CCU2C       CIN      In      0.000     2.099 r     -         
un3_tcnt_cry_9_0      CCU2C       COUT     Out     0.061     2.160 r     -         
un3_tcnt_cry_10       Net         -        -       -         -           1         
un3_tcnt_cry_11_0     CCU2C       CIN      In      0.000     2.160 r     -         
un3_tcnt_cry_11_0     CCU2C       COUT     Out     0.061     2.221 r     -         
un3_tcnt_cry_12       Net         -        -       -         -           1         
un3_tcnt_cry_13_0     CCU2C       CIN      In      0.000     2.221 r     -         
un3_tcnt_cry_13_0     CCU2C       COUT     Out     0.061     2.282 r     -         
un3_tcnt_cry_14       Net         -        -       -         -           1         
un3_tcnt_cry_15_0     CCU2C       CIN      In      0.000     2.282 r     -         
un3_tcnt_cry_15_0     CCU2C       COUT     Out     0.061     2.343 r     -         
un3_tcnt_cry_16       Net         -        -       -         -           1         
un3_tcnt_cry_17_0     CCU2C       CIN      In      0.000     2.343 r     -         
un3_tcnt_cry_17_0     CCU2C       COUT     Out     0.061     2.404 r     -         
un3_tcnt_cry_18       Net         -        -       -         -           1         
un3_tcnt_cry_19_0     CCU2C       CIN      In      0.000     2.404 r     -         
un3_tcnt_cry_19_0     CCU2C       COUT     Out     0.061     2.465 r     -         
un3_tcnt_cry_20       Net         -        -       -         -           1         
un3_tcnt_cry_21_0     CCU2C       CIN      In      0.000     2.465 r     -         
un3_tcnt_cry_21_0     CCU2C       COUT     Out     0.061     2.526 r     -         
un3_tcnt_cry_22       Net         -        -       -         -           1         
un3_tcnt_cry_23_0     CCU2C       CIN      In      0.000     2.526 r     -         
un3_tcnt_cry_23_0     CCU2C       COUT     Out     0.061     2.587 r     -         
un3_tcnt_cry_24       Net         -        -       -         -           1         
un3_tcnt_cry_25_0     CCU2C       CIN      In      0.000     2.587 r     -         
un3_tcnt_cry_25_0     CCU2C       COUT     Out     0.061     2.648 r     -         
un3_tcnt_cry_26       Net         -        -       -         -           1         
un3_tcnt_cry_27_0     CCU2C       CIN      In      0.000     2.648 r     -         
un3_tcnt_cry_27_0     CCU2C       COUT     Out     0.061     2.709 r     -         
un3_tcnt_cry_28       Net         -        -       -         -           1         
un3_tcnt_s_29_0       CCU2C       CIN      In      0.000     2.709 r     -         
un3_tcnt_s_29_0       CCU2C       S0       Out     0.698     3.406 r     -         
un3_tcnt[29]          Net         -        -       -         -           1         
tcnt[29]              FD1S3IX     D        In      0.000     3.406 r     -         
===================================================================================



##### END OF TIMING REPORT #####]

Timing exceptions that could not be applied

Finished final timing analysis (Real Time elapsed 0h:00m:04s; CPU Time elapsed 0h:00m:03s; Memory used current: 272MB peak: 273MB)


Finished timing report (Real Time elapsed 0h:00m:04s; CPU Time elapsed 0h:00m:04s; Memory used current: 272MB peak: 273MB)

---------------------------------------
Resource Usage Report
Part: lfe5u_45f-6

Register bits: 174 of 43848 (0%)
PIC Latch:       0
I/O cells:       12


Details:
CCU2C:          90
FD1P3AX:        3
FD1S3AX:        25
FD1S3IX:        144
GSR:            1
IB:             6
IFS1P3DX:       2
INV:            11
OB:             6
ORCALUT4:       63
PUR:            1
VHI:            1
VLO:            1
Mapper successful!

At Mapper Exit (Real Time elapsed 0h:00m:04s; CPU Time elapsed 0h:00m:04s; Memory used current: 134MB peak: 273MB)

Process took 0h:00m:04s realtime, 0h:00m:04s cputime
# Sat Oct 11 18:25:49 2025

###########################################################]


Synthesis exit by 0.

edif2ngd  -l "ECP5U" -d LFE5U-45F -path "C:/Users/CauaS/programacao/EmbarTech/residencia_04_2025/modulo_II/Atividades_feitas/ativ_unid_7_cap2/FPGA-CODIG/Projeto/impl1" -path "C:/Users/CauaS/programacao/EmbarTech/residencia_04_2025/modulo_II/Atividades_feitas/ativ_unid_7_cap2/FPGA-CODIG/Projeto"   "C:/Users/CauaS/programacao/EmbarTech/residencia_04_2025/modulo_II/Atividades_feitas/ativ_unid_7_cap2/FPGA-CODIG/Projeto/impl1/atividade_proj_impl1.edi" "atividade_proj_impl1.ngo"   
edif2ngd:  version Diamond (64-bit) 3.14.0.75.2

Copyright (c) 1991-1994 by NeoCAD Inc. All rights reserved.
Copyright (c) 1995 AT&T Corp.   All rights reserved.
Copyright (c) 1995-2001 Lucent Technologies Inc.  All rights reserved.
Copyright (c) 2001 Agere Systems   All rights reserved.
Copyright (c) 2002-2024 Lattice Semiconductor Corporation,  All rights reserved.
    <postMsg mid="1121028" type="Warning" dynamic="1" navigation="0" arg0="DIV_HEARTBEAT_TOGGLE"  />
    <postMsg mid="1121028" type="Warning" dynamic="1" navigation="0" arg0="DIV_LED_TOGGLE"  />
    <postMsg mid="1121028" type="Warning" dynamic="1" navigation="0" arg0="DIV_TIMER_TOGGLE"  />
    <postMsg mid="1121028" type="Warning" dynamic="1" navigation="0" arg0="RUN_TIME_TEST_S"  />
    <postMsg mid="1121028" type="Warning" dynamic="1" navigation="0" arg0="RUN_TIME_NORMAL_S"  />
    <postMsg mid="1121028" type="Warning" dynamic="1" navigation="0" arg0="DEBOUNCE_TIME_MS"  />
    <postMsg mid="1121028" type="Warning" dynamic="1" navigation="0" arg0="LED_ENABLE_ACTIVE_LOW"  />
    <postMsg mid="1121028" type="Warning" dynamic="1" navigation="0" arg0="TESTMODE_ACTIVE_LOW"  />
    <postMsg mid="1121028" type="Warning" dynamic="1" navigation="0" arg0="BUTTONS_ACTIVE_LOW"  />
    <postMsg mid="1121028" type="Warning" dynamic="1" navigation="0" arg0="CLK_FREQ_HZ"  />
Writing the design to atividade_proj_impl1.ngo...

Total CPU Time: 0 secs  
Total REAL Time: 0 secs  
Peak Memory Usage: 13 MB


ngdbuild  -a "ECP5U" -d LFE5U-45F  -p "C:/lscc/diamond/3.14/ispfpga/sa5p00/data"  -p "C:/Users/CauaS/programacao/EmbarTech/residencia_04_2025/modulo_II/Atividades_feitas/ativ_unid_7_cap2/FPGA-CODIG/Projeto/impl1" -p "C:/Users/CauaS/programacao/EmbarTech/residencia_04_2025/modulo_II/Atividades_feitas/ativ_unid_7_cap2/FPGA-CODIG/Projeto"  "atividade_proj_impl1.ngo" "atividade_proj_impl1.ngd"  	
ngdbuild:  version Diamond (64-bit) 3.14.0.75.2

Copyright (c) 1991-1994 by NeoCAD Inc. All rights reserved.
Copyright (c) 1995 AT&T Corp.   All rights reserved.
Copyright (c) 1995-2001 Lucent Technologies Inc.  All rights reserved.
Copyright (c) 2001 Agere Systems   All rights reserved.
Copyright (c) 2002-2024 Lattice Semiconductor Corporation,  All rights reserved.
Reading 'atividade_proj_impl1.ngo' ...
Loading NGL library 'C:/lscc/diamond/3.14/ispfpga/sa5p00/data/sa5plib.ngl'...
Loading NGL library 'C:/lscc/diamond/3.14/ispfpga/xo2c00/data/xo2clib.ngl'...
Loading NGL library 'C:/lscc/diamond/3.14/ispfpga/mg5g00/data/mg5glib.ngl'...
Loading NGL library 'C:/lscc/diamond/3.14/ispfpga/or5g00/data/orc5glib.ngl'...


Running DRC...

DRC complete with no errors or warnings

Design Results:
    353 blocks expanded
Complete the first expansion.
Writing 'atividade_proj_impl1.ngd' ...
Total CPU Time: 0 secs 
Total REAL Time: 0 secs 
Peak Memory Usage: 21 MB


map -a "ECP5U" -p LFE5U-45F -t CABGA381 -s 6 -oc Commercial   "atividade_proj_impl1.ngd" -o "atividade_proj_impl1_map.ncd" -pr "atividade_proj_impl1.prf" -mp "atividade_proj_impl1.mrp" -lpf "C:/Users/CauaS/programacao/EmbarTech/residencia_04_2025/modulo_II/Atividades_feitas/ativ_unid_7_cap2/FPGA-CODIG/Projeto/impl1/atividade_proj_impl1_synplify.lpf" -lpf "C:/Users/CauaS/programacao/EmbarTech/residencia_04_2025/modulo_II/Atividades_feitas/ativ_unid_7_cap2/FPGA-CODIG/Arquivos/ativ.lpf"             
map:  version Diamond (64-bit) 3.14.0.75.2

Copyright (c) 1991-1994 by NeoCAD Inc. All rights reserved.
Copyright (c) 1995 AT&T Corp.   All rights reserved.
Copyright (c) 1995-2001 Lucent Technologies Inc.  All rights reserved.
Copyright (c) 2001 Agere Systems   All rights reserved.
Copyright (c) 2002-2024 Lattice Semiconductor Corporation,  All rights reserved.
   Process the file: atividade_proj_impl1.ngd
   Picdevice="LFE5U-45F"

   Pictype="CABGA381"

   Picspeed=6

   Remove unused logic

   Do not produce over sized NCDs.

Part used: LFE5U-45FCABGA381, Performance used: 6.

Loading device for application map from file 'sa5p45.nph' in environment: C:/lscc/diamond/3.14/ispfpga.
Package Status:                     Final          Version 1.50.

Running general design DRC...

Removing unused logic...

Optimizing...




Design Summary:
   Number of registers:    174 out of 44457 (0%)
      PFU registers:          172 out of 43848 (0%)
      PIO registers:            2 out of   609 (0%)
   Number of SLICEs:       147 out of 21924 (1%)
      SLICEs as Logic/ROM:    147 out of 21924 (1%)
      SLICEs as RAM:            0 out of 16443 (0%)
      SLICEs as Carry:         90 out of 21924 (0%)
   Number of LUT4s:        253 out of 43848 (1%)
      Number used as logic LUTs:         73
      Number used as distributed RAM:     0
      Number used as ripple logic:      180
      Number used as shift registers:     0
   Number of PIO sites used: 12 out of 203 (6%)
   Number of block RAMs:  0 out of 108 (0%)
   Number of GSRs:  0 out of 1 (0%)
   JTAG used :      No
   Readback used :  No
   Oscillator used :  No
   Startup used :   No
   DTR used :   No
   Number of Dynamic Bank Controller (BCINRD):  0 out of 4 (0%)
   Number of Dynamic Bank Controller (BCLVDSOB):  0 out of 4 (0%)
   Number of DCC:  0 out of 60 (0%)
   Number of DCS:  0 out of 2 (0%)
   Number of PLLs:  0 out of 4 (0%)
   Number of DDRDLLs:  0 out of 4 (0%)
   Number of CLKDIV:  0 out of 4 (0%)
   Number of ECLKSYNC:  0 out of 10 (0%)
   Number of ECLKBRIDGECS:  0 out of 2 (0%)
   Notes:-
      1. Total number of LUT4s = (Number of logic LUT4s) + 2*(Number of distributed RAMs) + 2*(Number of ripple logic)
      2. Number of logic LUT4s does not include count of distributed RAM and ripple logic.

   Number Of Mapped DSP Components:
   --------------------------------
   MULT18X18D          0
   MULT9X9D            0
   ALU54B              0
   ALU24B              0
   PRADD18A            0
   PRADD9A             0
   --------------------------------
   Number of Used DSP MULT Sites:  0 out of 144 (0 %)
   Number of Used DSP ALU Sites:  0 out of 72 (0 %)
   Number of Used DSP PRADD Sites:  0 out of 144 (0 %)
   Number of clocks:  1
     Net clk_c: 118 loads, 118 rising, 0 falling (Driver: PIO clk )
   Number of Clock Enables:  3
     Net db_cnt_rs10: 1 loads, 1 LSLICEs
     Net db_cnt_sp10: 1 loads, 1 LSLICEs
     Net db_cnt_st9: 1 loads, 1 LSLICEs
   Number of LSRs:  12
     Net st_7_d: 18 loads, 18 LSLICEs
     Net N_42_1_i: 9 loads, 9 LSLICEs
     Net N_68_1_i: 11 loads, 11 LSLICEs
     Net N_96_1_i: 5 loads, 5 LSLICEs
     Net N_114_1_i: 5 loads, 5 LSLICEs
     Net N_132_1_i: 5 loads, 5 LSLICEs
     Net div_o56: 6 loads, 6 LSLICEs
     Net leden_s1: 8 loads, 8 LSLICEs
     Net N_17_1_i: 9 loads, 9 LSLICEs
     Net db_cnt_st8_i: 6 loads, 6 LSLICEs
     Net db_cnt_sp9_i: 6 loads, 6 LSLICEs
     Net db_cnt_rs9_i: 6 loads, 6 LSLICEs
   Number of nets driven by tri-state buffers:  0
   Top 10 highest fanout non-clock nets:
     Net st_7_d: 19 loads
     Net N_68_1_i: 11 loads
     Net leden_s1: 9 loads
     Net N_17_1_i: 9 loads
     Net N_42_1_i: 9 loads
     Net test_s1: 9 loads
     Net div_o56: 7 loads
     Net O1_c: 7 loads
     Net O2_c: 7 loads
     Net rst_state: 6 loads
 

   Number of warnings:  0
   Number of errors:    0



Total CPU Time: 1 secs  
Total REAL Time: 0 secs  
Peak Memory Usage: 156 MB

Dumping design to file atividade_proj_impl1_map.ncd.

mpartrce -p "atividade_proj_impl1.p2t" -f "atividade_proj_impl1.p3t" -tf "atividade_proj_impl1.pt" "atividade_proj_impl1_map.ncd" "atividade_proj_impl1.ncd"

---- MParTrce Tool ----
Removing old design directory at request of -rem command line option to this program.
Running par. Please wait . . .

Lattice Place and Route Report for Design "atividade_proj_impl1_map.ncd"
Sat Oct 11 18:25:52 2025

PAR: Place And Route Diamond (64-bit) 3.14.0.75.2.
Command Line: par -w -l 5 -i 6 -t 1 -c 0 -e 0 -gui -exp parUseNBR=1:parCDP=auto:parCDR=1:parPathBased=OFF:parASE=1:par_low_skew_clock_net=0 atividade_proj_impl1_map.ncd atividade_proj_impl1.dir/5_1.ncd atividade_proj_impl1.prf
Preference file: atividade_proj_impl1.prf.
Placement level-cost: 5-1.
Routing Iterations: 6

Loading design for application par from file atividade_proj_impl1_map.ncd.
Design name: top
NCD version: 3.3
Vendor:      LATTICE
Device:      LFE5U-45F
Package:     CABGA381
Performance: 6
Loading device for application par from file 'sa5p45.nph' in environment: C:/lscc/diamond/3.14/ispfpga.
Package Status:                     Final          Version 1.50.
Performance Hardware Data Status:   Final          Version 55.1.
License checked out.


Ignore Preference Error(s):  True
Device utilization summary:

   PIO (prelim)      12/245           4% used
                     12/203           5% bonded
   IOLOGIC            2/245          <1% used

   SLICE            147/21924        <1% used



Number of Signals: 481
Number of Connections: 900

Pin Constraint Summary:
   12 out of 12 pins locked (100% locked).

The following 3 signals are selected to use the primary clock routing resources:
    clk_c (driver: clk, clk/ce/sr load #: 118/0/0)
    st_7_d (driver: SLICE_131, clk/ce/sr load #: 0/0/18)
    N_68_1_i (driver: SLICE_154, clk/ce/sr load #: 0/0/11)


No signal is selected as Global Set/Reset.
Starting Placer Phase 0.
..........
Finished Placer Phase 0.  REAL time: 5 secs 

Starting Placer Phase 1.
....................
Placer score = 30497.
Finished Placer Phase 1.  REAL time: 8 secs 

Starting Placer Phase 2.
.
Placer score =  29324
Finished Placer Phase 2.  REAL time: 9 secs 


------------------ Clock Report ------------------

Global Clock Resources:
  CLK_PIN    : 0 out of 12 (0%)
  GR_PCLK    : 1 out of 12 (8%)
  PLL        : 0 out of 4 (0%)
  DCS        : 0 out of 2 (0%)
  DCC        : 0 out of 60 (0%)
  CLKDIV     : 0 out of 4 (0%)

Quadrant TL Clocks:
  PRIMARY "clk_c" from comp "clk" on PIO site "P3 (PL68C)", CLK/CE/SR load = 118
  PRIMARY "st_7_d" from F1 on comp "SLICE_131" on site "R32C6D", CLK/CE/SR load = 18
  PRIMARY "N_68_1_i" from F0 on comp "SLICE_154" on site "R19C5C", CLK/CE/SR load = 11

  PRIMARY  : 3 out of 16 (18%)

Quadrant TR Clocks:

  PRIMARY  : 0 out of 16 (0%)

Quadrant BL Clocks:

  PRIMARY  : 0 out of 16 (0%)

Quadrant BR Clocks:

  PRIMARY  : 0 out of 16 (0%)

Edge Clocks:

  No edge clock selected.


--------------- End of Clock Report ---------------


+
I/O Usage Summary (final):
   12 out of 245 (4.9%) PIO sites used.
   12 out of 203 (5.9%) bonded PIO sites used.
   Number of PIO comps: 12; differential: 0.
   Number of Vref pins used: 0.

I/O Bank Usage Summary:
+----------+----------------+------------+------------+------------+
| I/O Bank | Usage          | Bank Vccio | Bank Vref1 | Bank Vref2 |
+----------+----------------+------------+------------+------------+
| 0        | 0 / 27 (  0%)  | -          | -          | -          |
| 1        | 0 / 33 (  0%)  | -          | -          | -          |
| 2        | 0 / 32 (  0%)  | -          | -          | -          |
| 3        | 0 / 33 (  0%)  | -          | -          | -          |
| 6        | 2 / 33 (  6%)  | 3.3V       | -          | -          |
| 7        | 10 / 32 ( 31%) | 3.3V       | -          | -          |
| 8        | 0 / 13 (  0%)  | -          | -          | -          |
+----------+----------------+------------+------------+------------+

Total placer CPU time: 7 secs 

Dumping design to file atividade_proj_impl1.dir/5_1.ncd.

0 connections routed; 900 unrouted.
Starting router resource preassignment

Completed router resource preassignment. Real time: 18 secs 

Start NBR router at 18:26:10 10/11/25

*****************************************************************
Info: NBR allows conflicts(one node used by more than one signal)
      in the earlier iterations. In each iteration, it tries to  
      solve the conflicts while keeping the critical connections 
      routed as short as possible. The routing process is said to
      be completed when no conflicts exist and all connections   
      are routed.                                                
Note: NBR uses a different method to calculate timing slacks. The
      worst slack and total negative slack may not be the same as
      that in TRCE report. You should always run TRCE to verify  
      your design.                                               
*****************************************************************

Start NBR special constraint process at 18:26:10 10/11/25

Start NBR section for initial routing at 18:26:10 10/11/25
Level 4, iteration 1
24(0.00%) conflicts; 0(0.00%) untouched conn; 0 (nbr) score; 
Estimated worst slack/total negative slack<setup>: 29.463ns/0.000ns; real time: 19 secs 

Info: Initial congestion level at 75% usage is 0
Info: Initial congestion area  at 75% usage is 0 (0.00%)

Start NBR section for normal routing at 18:26:11 10/11/25
Level 4, iteration 1
5(0.00%) conflicts; 0(0.00%) untouched conn; 0 (nbr) score; 
Estimated worst slack/total negative slack<setup>: 29.463ns/0.000ns; real time: 19 secs 
Level 4, iteration 2
2(0.00%) conflicts; 0(0.00%) untouched conn; 0 (nbr) score; 
Estimated worst slack/total negative slack<setup>: 29.463ns/0.000ns; real time: 19 secs 
Level 4, iteration 3
0(0.00%) conflict; 0(0.00%) untouched conn; 0 (nbr) score; 
Estimated worst slack/total negative slack<setup>: 29.463ns/0.000ns; real time: 19 secs 

Start NBR section for setup/hold timing optimization with effort level 3 at 18:26:11 10/11/25

Start NBR section for re-routing at 18:26:12 10/11/25
Level 4, iteration 1
0(0.00%) conflict; 0(0.00%) untouched conn; 0 (nbr) score; 
Estimated worst slack/total negative slack<setup>: 29.463ns/0.000ns; real time: 20 secs 

Start NBR section for post-routing at 18:26:12 10/11/25

End NBR router with 0 unrouted connection

NBR Summary
-----------
  Number of unrouted connections : 0 (0.00%)
  Number of connections with timing violations : 0 (0.00%)
  Estimated worst slack<setup> : 29.463ns
  Timing score<setup> : 0
-----------
Notes: The timing info is calculated for SETUP only and all PAR_ADJs are ignored.



Total CPU time 19 secs 
Total REAL time: 21 secs 
Completely routed.
End of route.  900 routed (100.00%); 0 unrouted.

Hold time timing score: 0, hold timing errors: 0

Timing score: 0 

Dumping design to file atividade_proj_impl1.dir/5_1.ncd.


PAR_SUMMARY::Run status = Completed
PAR_SUMMARY::Number of unrouted conns = 0
PAR_SUMMARY::Worst  slack<setup/<ns>> = 29.463
PAR_SUMMARY::Timing score<setup/<ns>> = 0.000
PAR_SUMMARY::Worst  slack<hold /<ns>> = 0.175
PAR_SUMMARY::Timing score<hold /<ns>> = 0.000
PAR_SUMMARY::Number of errors = 0

Total CPU  time to completion: 20 secs 
Total REAL time to completion: 21 secs 

par done!

Note: user must run 'Trace' for timing closure signoff.

Copyright (c) 1991-1994 by NeoCAD Inc. All rights reserved.
Copyright (c) 1995 AT&T Corp.   All rights reserved.
Copyright (c) 1995-2001 Lucent Technologies Inc.  All rights reserved.
Copyright (c) 2001 Agere Systems   All rights reserved.
Copyright (c) 2002-2024 Lattice Semiconductor Corporation,  All rights reserved.
Exiting par with exit code 0
Exiting mpartrce with exit code 0

trce -f "atividade_proj_impl1.pt" -o "atividade_proj_impl1.twr" "atividade_proj_impl1.ncd" "atividade_proj_impl1.prf"
trce:  version Diamond (64-bit) 3.14.0.75.2

Copyright (c) 1991-1994 by NeoCAD Inc. All rights reserved.
Copyright (c) 1995 AT&T Corp.   All rights reserved.
Copyright (c) 1995-2001 Lucent Technologies Inc.  All rights reserved.
Copyright (c) 2001 Agere Systems   All rights reserved.
Copyright (c) 2002-2024 Lattice Semiconductor Corporation,  All rights reserved.

Loading design for application trce from file atividade_proj_impl1.ncd.
Design name: top
NCD version: 3.3
Vendor:      LATTICE
Device:      LFE5U-45F
Package:     CABGA381
Performance: 6
Loading device for application trce from file 'sa5p45.nph' in environment: C:/lscc/diamond/3.14/ispfpga.
Package Status:                     Final          Version 1.50.
Performance Hardware Data Status:   Final          Version 55.1.
Setup and Hold Report

--------------------------------------------------------------------------------
Lattice TRACE Report - Setup, Version Diamond (64-bit) 3.14.0.75.2
Sat Oct 11 18:26:16 2025

Copyright (c) 1991-1994 by NeoCAD Inc. All rights reserved.
Copyright (c) 1995 AT&T Corp.   All rights reserved.
Copyright (c) 1995-2001 Lucent Technologies Inc.  All rights reserved.
Copyright (c) 2001 Agere Systems   All rights reserved.
Copyright (c) 2002-2024 Lattice Semiconductor Corporation,  All rights reserved.

Report Information
------------------
Command line:    trce -v 10 -gt -sethld -sp 6 -sphld m -o atividade_proj_impl1.twr -gui atividade_proj_impl1.ncd atividade_proj_impl1.prf 
Design file:     atividade_proj_impl1.ncd
Preference file: atividade_proj_impl1.prf
Device,speed:    LFE5U-45F,6
Report level:    verbose report, limited to 10 items per preference
--------------------------------------------------------------------------------

BLOCK ASYNCPATHS
--------------------------------------------------------------------------------



Timing summary (Setup):
---------------

Timing errors: 0  Score: 0
Cumulative negative slack: 0

Constraints cover 3412 paths, 1 nets, and 884 connections (98.22% coverage)

--------------------------------------------------------------------------------
Lattice TRACE Report - Hold, Version Diamond (64-bit) 3.14.0.75.2
Sat Oct 11 18:26:16 2025

Copyright (c) 1991-1994 by NeoCAD Inc. All rights reserved.
Copyright (c) 1995 AT&T Corp.   All rights reserved.
Copyright (c) 1995-2001 Lucent Technologies Inc.  All rights reserved.
Copyright (c) 2001 Agere Systems   All rights reserved.
Copyright (c) 2002-2024 Lattice Semiconductor Corporation,  All rights reserved.

Report Information
------------------
Command line:    trce -v 10 -gt -sethld -sp 6 -sphld m -o atividade_proj_impl1.twr -gui atividade_proj_impl1.ncd atividade_proj_impl1.prf 
Design file:     atividade_proj_impl1.ncd
Preference file: atividade_proj_impl1.prf
Device,speed:    LFE5U-45F,m
Report level:    verbose report, limited to 10 items per preference
--------------------------------------------------------------------------------

BLOCK ASYNCPATHS
--------------------------------------------------------------------------------



Timing summary (Hold):
---------------

Timing errors: 0  Score: 0
Cumulative negative slack: 0

Constraints cover 3412 paths, 1 nets, and 884 connections (98.22% coverage)



Timing summary (Setup and Hold):
---------------

Timing errors: 0 (setup), 0 (hold)
Score: 0 (setup), 0 (hold)
Cumulative negative slack: 0 (0+0)
--------------------------------------------------------------------------------

--------------------------------------------------------------------------------

Total CPU Time: 2 secs 
Total REAL Time: 3 secs 
Peak Memory Usage: 218 MB


tmcheck -par "atividade_proj_impl1.par" 

bitgen -w "atividade_proj_impl1.ncd" -f "atividade_proj_impl1.t2b" -e -s "C:/Users/CauaS/programacao/EmbarTech/residencia_04_2025/modulo_II/Atividades_feitas/ativ_unid_7_cap2/FPGA-CODIG/Projeto/atividade_proj.sec" -k "C:/Users/CauaS/programacao/EmbarTech/residencia_04_2025/modulo_II/Atividades_feitas/ativ_unid_7_cap2/FPGA-CODIG/Projeto/atividade_proj.bek" "atividade_proj_impl1.prf"


BITGEN: Bitstream Generator Diamond (64-bit) 3.14.0.75.2
Copyright (c) 1991-1994 by NeoCAD Inc. All rights reserved.
Copyright (c) 1995 AT&T Corp.   All rights reserved.
Copyright (c) 1995-2001 Lucent Technologies Inc.  All rights reserved.
Copyright (c) 2001 Agere Systems   All rights reserved.
Copyright (c) 2002-2024 Lattice Semiconductor Corporation,  All rights reserved.


Loading design for application Bitgen from file atividade_proj_impl1.ncd.
Design name: top
NCD version: 3.3
Vendor:      LATTICE
Device:      LFE5U-45F
Package:     CABGA381
Performance: 6
Loading device for application Bitgen from file 'sa5p45.nph' in environment: C:/lscc/diamond/3.14/ispfpga.
Package Status:                     Final          Version 1.50.
Performance Hardware Data Status:   Final          Version 55.1.

Running DRC.
DRC detected 0 errors and 0 warnings.
Reading Preference File from atividade_proj_impl1.prf.
    <postMsg mid="1009992" type="Info"    dynamic="1" navigation="0" arg0=" SW_XO3D_SECURITY_ENCRYPTION *NOT* controlled by sa5p00.acd ###"  />
    <postMsg mid="1009992" type="Info"    dynamic="1" navigation="0" arg0=" SW_XO3D_SECURITY_ENCRYPTION license_securityIP OK"  />

Preference Summary:
+---------------------------------+---------------------------------+
|  Preference                     |  Current Setting                |
+---------------------------------+---------------------------------+
|                         RamCfg  |                        Reset**  |
+---------------------------------+---------------------------------+
|                        CfgMode  |                      Disable**  |
+---------------------------------+---------------------------------+
|                        DONE_EX  |                          OFF**  |
+---------------------------------+---------------------------------+
|                        DONE_OD  |                           ON**  |
+---------------------------------+---------------------------------+
|                     MCCLK_FREQ  |                          2.4**  |
+---------------------------------+---------------------------------+
|                  CONFIG_SECURE  |                          OFF**  |
+---------------------------------+---------------------------------+
|                    CONFIG_MODE  |                         JTAG**  |
+---------------------------------+---------------------------------+
|                        WAKE_UP  |                           21**  |
+---------------------------------+---------------------------------+
|                          INBUF  |                          OFF**  |
+---------------------------------+---------------------------------+
|                             ES  |                           No**  |
+---------------------------------+---------------------------------+
|                 SLAVE_SPI_PORT  |                      DISABLE**  |
+---------------------------------+---------------------------------+
|                MASTER_SPI_PORT  |                      DISABLE**  |
+---------------------------------+---------------------------------+
|                COMPRESS_CONFIG  |                          OFF**  |
+---------------------------------+---------------------------------+
|            BACKGROUND_RECONFIG  |                          OFF**  |
+---------------------------------+---------------------------------+
|                     DisableUES  |                        FALSE**  |
+---------------------------------+---------------------------------+
|            SLAVE_PARALLEL_PORT  |                      DISABLE**  |
+---------------------------------+---------------------------------+
|                      DONE_PULL  |                           ON**  |
+---------------------------------+---------------------------------+
|               CONFIG_IOVOLTAGE  |                          2.5**  |
+---------------------------------+---------------------------------+
|                        TRANSFR  |                          OFF**  |
+---------------------------------+---------------------------------+
 *  Default setting.
 ** The specified setting matches the default setting.


Creating bit map...
 
Bitstream Status: Final           Version 10.27.
 
Saving bit stream in "atividade_proj_impl1.bit".
Total CPU Time: 7 secs 
Total REAL Time: 8 secs 
Peak Memory Usage: 363 MB
